<?xml version="1.0" encoding="UTF-8"?>
<!-- Generated by org.testng.reporters.JUnitXMLReporter -->
<testsuite hostname="INLN50942907A" ignored="0" name="Default test" tests="3" failures="0" timestamp="27 Mar 2018 04:43:12 GMT" time="26.769" errors="0">
  <testcase name="GoToAmazon_search_Filter" time="10.494" classname="TestCases.TESTB"/>
  <testcase name="Verify_Add_item" time="5.218" classname="TestCases.TESTB"/>
  <testcase name="checkout_product" time="1.536" classname="TestCases.TESTB"/>
</testsuite> <!-- Default test -->
