<?xml version="1.0" encoding="UTF-8"?>
<!-- Generated by org.testng.reporters.JUnitXMLReporter -->
<testsuite hostname="INLN50942907A" ignored="0" name="Default test" tests="3" failures="0" timestamp="28 Mar 2018 05:38:47 GMT" time="40.85" errors="0">
  <testcase name="GoToAmazon_search_Filter" time="17.571" classname="TestCases.TESTB"/>
  <testcase name="Verify_Add_item" time="5.269" classname="TestCases.TESTB"/>
  <testcase name="checkout_product" time="2.137" classname="TestCases.TESTB"/>
</testsuite> <!-- Default test -->
